<?xml version="1.0" encoding="UTF-8"?>
<testsuite xmlns:xsi="http://www.w3.org/2001/XMLSchema-instance" xsi:noNamespaceSchemaLocation="https://maven.apache.org/surefire/maven-surefire-plugin/xsd/surefire-test-report-3.0.xsd" version="3.0" name="com.example.CasaTest" time="0.049" tests="3" errors="0" skipped="0" failures="0">
  <properties>
[...]
</properties>
  <testcase name="testToString" classname="com.example.CasaTest" time="0.025"/>
  <testcase name="testConstructorAndGetters" classname="com.example.CasaTest" time="0.0"/>
  <testcase name="testDifferentValues" classname="com.example.CasaTest" time="0.01"/>
</testsuite>